1

    TITLE SDB Name = LHSTEST         , Ver = 2.51         07/12/00                                      

    RANDOM SEED =   933090934

    NUMBER OF VARIABLES =   4

    NUMBER OF OBSERVATIONS =  500
0   THE SAMPLE INPUT VECTORS WILL BE PRINTED ALONG WITH THEIR CORRESPONDING RANKS
0   HISTOGRAMS OF THE ACTUAL SAMPLE WILL BE PLOTTED FOR EACH INPUT VARIABLE
0   THE CORRELATION MATRICES (RAW DATA AND RANK CORRELATIONS) WILL BE PRINTED
1

    TITLE SDB Name = LHSTEST         , Ver = 2.51         07/12/00                                      

    VARIABLE  DISTRIBUTION          RANGE            LABEL
0       1     NORMAL             -3.708     TO    3.500      NorPer3000  PerLN                                           
0       2     NORMAL             7.8980E-02 TO    10.50      NorPor  PorNO                                               
0       3     UNIFORM             10.00     TO    100.0      UniMult Mult                                                
0       4     NORMAL              3.559     TO    5.205      	                NorLength  Length                          
1TITLE SDB Name = LHSTEST         , Ver = 2.51         07/12/00                                      
0LATIN HYPERCUBE SAMPLE INPUT VECTORS

 RUN NO.  X(1)       X(2)       X(3)       X(4)
0    1  3.500E+00  4.357E+00  9.032E+01  4.108E+00
0    2  2.107E+00  1.852E+00  2.309E+01  4.415E+00
0    3 -1.037E+00  6.725E+00  6.878E+01  4.704E+00
0    4 -1.212E+00  3.909E+00  1.810E+01  4.322E+00
0    5 -1.640E+00  4.508E+00  6.261E+01  4.526E+00
0    6  6.116E-01  5.170E+00  6.597E+01  4.663E+00
0    7  9.679E-01  6.248E+00  6.169E+01  3.888E+00
0    8  3.541E-01  6.463E+00  7.606E+01  4.510E+00
0    9 -6.543E-01  5.854E+00  3.806E+01  4.354E+00
0   10 -7.472E-01  1.275E+00  7.812E+01  5.087E+00
0   11 -4.886E-01  8.667E+00  6.215E+01  4.499E+00
0   12 -7.418E-01  7.898E-02  2.108E+01  4.353E+00
0   13 -9.491E-01  3.840E+00  2.457E+01  4.604E+00
0   14 -1.955E+00  3.903E+00  9.219E+01  4.464E+00
0   15 -1.020E+00  5.115E+00  1.143E+01  4.235E+00
0   16 -3.709E+00  3.605E+00  8.390E+01  4.166E+00
0   17 -4.675E-01  5.300E+00  4.206E+01  4.963E+00
0   18 -8.006E-01  8.219E+00  4.548E+01  4.774E+00
0   19 -2.682E+00  1.014E+00  2.665E+01  5.140E+00
0   20  1.216E+00  3.079E+00  6.485E+01  4.312E+00
0   21 -1.352E+00  7.471E+00  9.907E+01  4.434E+00
0   22 -7.146E-01  2.002E+00  6.352E+01  4.226E+00
0   23  3.737E-02  4.880E+00  5.745E+01  4.261E+00
0   24  3.244E-01  6.084E+00  1.522E+01  4.233E+00
0   25 -1.297E+00  4.707E+00  3.575E+01  4.982E+00
0   26  1.233E+00  4.981E+00  2.087E+01  4.284E+00
0   27  3.252E+00  6.846E+00  9.677E+01  5.058E+00
0   28  7.224E-01  2.938E+00  3.125E+01  4.515E+00
0   29  2.665E+00  4.319E+00  4.984E+01  4.349E+00
0   30  1.085E+00  2.685E+00  9.501E+01  4.399E+00
0   31  7.323E-03  2.613E+00  8.724E+01  4.657E+00
0   32 -7.721E-01  6.916E+00  3.435E+01  4.529E+00
0   33 -1.380E+00  6.200E+00  4.408E+01  3.667E+00
0   34  4.938E-01  4.400E+00  8.053E+01  4.671E+00
0   35 -1.435E+00  6.667E+00  6.006E+01  4.269E+00
0   36 -2.839E+00  1.821E+00  7.700E+01  4.276E+00
0   37 -2.334E+00  8.797E+00  7.205E+01  4.449E+00
0   38  9.205E-01  1.050E+01  1.376E+01  4.822E+00
0   39 -1.706E-02  6.709E+00  8.455E+01  4.456E+00
0   40 -3.709E+00  4.598E+00  1.117E+01  4.486E+00
0   41  7.091E-01  4.907E+00  1.006E+01  4.617E+00
0   42  1.981E+00  3.667E+00  9.747E+01  4.169E+00
0   43 -5.743E-01  5.314E+00  9.076E+01  4.667E+00
0   44  2.660E-01  5.485E+00  9.008E+01  4.416E+00
0   45 -1.416E-01  5.478E+00  3.950E+01  4.357E+00
0   46  1.727E+00  1.706E+00  2.795E+01  4.562E+00
0   47 -2.398E+00  1.767E+00  2.153E+01  4.428E+00
0   48  9.390E-01  5.133E+00  5.402E+01  4.597E+00
0   49 -2.389E-01  5.840E+00  8.269E+01  3.762E+00
0   50  4.114E-01  8.337E+00  4.290E+01  4.946E+00
0   51 -1.899E+00  4.408E+00  1.573E+01  4.583E+00
0   52 -2.203E+00  4.950E+00  9.598E+01  4.103E+00
0   53  1.965E+00  3.863E+00  8.813E+01  4.227E+00
0   54  5.632E-01  8.581E+00  1.555E+01  4.691E+00
0   55 -3.492E+00  6.397E+00  4.151E+01  3.819E+00
0   56 -2.614E+00  4.244E+00  8.359E+01  4.551E+00
0   57  2.263E+00  3.767E+00  6.963E+01  4.647E+00
0   58  1.850E+00  5.045E+00  9.049E+01  4.579E+00
0   59 -2.079E-02  6.487E+00  5.945E+01  3.920E+00
0   60 -3.618E-01  3.992E+00  1.049E+01  4.556E+00
0   61  3.404E+00  5.989E+00  2.960E+01  4.338E+00
0   62 -8.648E-01  2.317E+00  3.483E+01  4.378E+00
0   63  1.293E+00  5.202E+00  9.133E+01  4.518E+00
0   64 -2.462E+00  7.439E+00  5.893E+01  3.953E+00
0   65 -2.126E+00  7.199E+00  8.110E+01  4.340E+00
0   66 -1.157E+00  6.963E+00  9.473E+01  4.382E+00
0   67 -1.716E+00  7.313E+00  9.607E+01  4.809E+00
0   68  1.559E-01  3.354E+00  5.671E+01  4.662E+00
0   69 -2.484E+00  1.170E+00  2.392E+01  4.580E+00
0   70  8.896E-01  9.146E+00  5.541E+01  3.837E+00
0   71 -1.649E+00  2.745E+00  4.347E+01  4.906E+00
0   72 -4.799E-02  7.846E+00  3.176E+01  4.673E+00
0   73 -2.351E+00  8.365E+00  3.153E+01  4.288E+00
0   74 -1.742E+00  6.701E+00  1.990E+01  4.887E+00
0   75  6.115E-02  9.968E+00  1.619E+01  4.594E+00
0   76 -4.749E-01  8.055E+00  4.792E+01  5.115E+00
0   77  8.612E-01  3.657E+00  6.628E+01  3.959E+00
0   78 -6.084E-01  7.298E+00  8.275E+01  4.718E+00
0   79  1.813E+00  7.457E+00  1.596E+01  4.374E+00
0   80  1.341E+00  4.247E-01  5.410E+01  3.997E+00
0   81  7.666E-01  7.181E+00  9.980E+01  4.536E+00
0   82 -1.563E+00  5.786E+00  6.789E+01  4.059E+00
0   83 -7.811E-02  8.119E+00  4.596E+01  3.839E+00
0   84  5.560E-01  7.912E+00  8.149E+01  4.627E+00
0   85  3.380E-01  5.630E+00  8.876E+01  4.748E+00
0   86  1.286E+00  5.932E+00  1.455E+01  4.444E+00
0   87 -1.608E+00  9.623E+00  8.531E+01  4.364E+00
0   88  3.500E+00  5.089E+00  8.069E+01  4.343E+00
0   89 -1.235E+00  4.418E+00  7.174E+01  4.739E+00
0   90 -2.579E-01  4.839E+00  5.004E+01  4.332E+00
0   91 -2.189E+00  6.869E+00  9.307E+01  4.708E+00
0   92 -1.585E+00  5.961E+00  8.132E+01  4.527E+00
0   93  1.626E+00  2.253E+00  1.919E+01  4.211E+00
0   94  1.831E+00  3.495E+00  5.306E+01  4.782E+00
0   95 -2.600E-01  7.058E+00  4.305E+01  4.760E+00
0   96  7.997E-01  6.366E+00  2.938E+01  4.296E+00
0   97  1.759E+00  4.739E+00  1.151E+01  4.826E+00
0   98 -1.333E+00  5.811E+00  9.784E+01  4.368E+00
0   99  1.350E+00  3.709E+00  3.612E+01  4.488E+00
0  100 -1.678E+00  8.601E+00  7.333E+01  4.158E+00
0  101 -2.265E-01  4.792E+00  9.541E+01  4.393E+00
0  102 -5.189E-02  7.115E+00  9.113E+01  4.631E+00
0  103  1.226E+00  9.299E+00  5.506E+01  5.010E+00
0  104  1.367E+00  5.259E+00  1.232E+01  4.310E+00
0  105  2.500E+00  7.213E+00  8.213E+01  4.098E+00
0  106  5.964E-01  6.283E+00  6.697E+01  4.762E+00
0  107  7.396E-02  8.445E+00  6.836E+01  4.387E+00
0  108  6.239E-01  6.529E+00  4.694E+01  4.308E+00
0  109 -3.234E-02  3.192E+00  3.182E+01  4.549E+00
0  110 -2.734E+00  5.663E+00  5.261E+01  4.119E+00
0  111 -3.709E+00  3.948E+00  7.464E+01  4.281E+00
0  112  2.035E+00  7.012E+00  3.351E+01  3.892E+00
0  113  1.163E+00  6.577E+00  7.178E+01  4.590E+00
0  114  7.906E-01  8.823E+00  9.230E+01  4.545E+00
0  115  1.193E-01  5.161E+00  6.945E+01  3.885E+00
0  116  5.231E-01  5.150E+00  3.205E+01  4.552E+00
0  117 -3.100E+00  3.551E+00  9.334E+01  4.419E+00
0  118 -3.343E-01  6.599E+00  8.476E+01  3.851E+00
0  119  2.079E+00  4.000E+00  1.089E+01  4.642E+00
0  120  9.596E-01  2.524E+00  2.199E+01  4.249E+00
0  121  1.095E+00  6.812E+00  5.088E+01  4.048E+00
0  122 -9.573E-01  7.602E+00  4.372E+01  4.535E+00
0  123 -1.552E+00  2.806E+00  9.010E+01  4.325E+00
0  124  2.909E-01  4.033E+00  8.892E+01  4.639E+00
0  125 -5.647E-01  5.642E+00  6.763E+01  4.660E+00
0  126  7.293E-01  4.872E+00  2.896E+01  3.965E+00
0  127  1.058E+00  1.019E+01  4.115E+01  4.383E+00
0  128 -1.933E+00  2.305E+00  7.225E+01  4.240E+00
0  129  7.890E-01  3.704E+00  3.539E+01  4.006E+00
0  130 -9.358E-01  8.510E+00  8.170E+01  4.751E+00
0  131 -2.298E-01  6.351E+00  1.792E+01  4.575E+00
0  132 -1.227E+00  7.570E+00  3.101E+01  4.504E+00
0  133 -1.277E+00  7.894E+00  7.661E+01  4.601E+00
0  134 -2.005E+00  6.905E+00  1.029E+01  3.695E+00
0  135 -1.307E+00  1.978E+00  7.939E+01  4.541E+00
0  136 -7.206E-01  8.137E+00  3.339E+01  5.205E+00
0  137 -3.220E+00  9.193E+00  5.991E+01  4.177E+00
0  138  5.672E-02  6.176E+00  9.698E+01  4.128E+00
0  139  1.062E+00  5.226E+00  7.647E+01  3.559E+00
0  140 -2.160E+00  3.223E+00  5.132E+01  5.205E+00
0  141 -1.690E+00  5.454E+00  8.864E+01  4.174E+00
0  142  1.890E+00  5.342E+00  4.087E+01  5.011E+00
0  143  6.810E-01  1.553E+00  9.873E+01  3.945E+00
0  144 -3.416E-03  1.673E+00  3.031E+01  4.816E+00
0  145 -1.495E+00  4.513E+00  5.379E+01  4.319E+00
0  146 -7.015E-01  4.774E+00  6.233E+01  4.187E+00
0  147  6.135E-01  8.189E+00  7.148E+01  4.752E+00
0  148 -2.510E-01  7.687E+00  8.615E+01  4.457E+00
0  149  1.767E+00  4.237E+00  1.817E+01  3.988E+00
0  150 -2.861E-01  5.923E+00  8.320E+01  4.682E+00
0  151  2.856E+00  7.505E+00  9.521E+01  4.326E+00
0  152  1.909E+00  3.477E+00  4.809E+01  4.438E+00
0  153 -9.501E-02  6.055E+00  6.911E+01  4.286E+00
0  154 -4.447E-01  2.997E+00  6.862E+01  3.580E+00
0  155 -2.044E+00  4.463E+00  5.836E+01  4.337E+00
0  156  1.027E-01  5.536E+00  1.707E+01  3.829E+00
0  157 -2.753E-01  8.631E+00  4.918E+01  4.931E+00
0  158 -9.828E-02  6.005E+00  3.759E+01  4.402E+00
0  159 -2.122E+00  7.259E+00  1.296E+01  4.564E+00
0  160  1.246E-01  3.566E+00  2.592E+01  4.026E+00
0  161  9.861E-01  9.256E+00  6.447E+01  3.559E+00
0  162  2.420E-01  4.579E+00  6.504E+01  4.709E+00
0  163  4.903E-01  7.641E+00  9.381E+01  3.874E+00
0  164 -8.598E-01  2.974E+00  5.053E+01  5.163E+00
0  165  9.254E-01  2.396E+00  9.165E+01  4.313E+00
0  166  1.372E-01  5.493E+00  3.282E+01  4.495E+00
0  167  1.130E+00  5.554E+00  1.652E+01  3.870E+00
0  168  1.450E+00  7.243E+00  7.903E+01  4.729E+00
0  169  3.690E-01  7.104E+00  6.097E+01  4.252E+00
0  170  1.471E+00  2.354E+00  7.958E+01  4.089E+00
0  171  1.852E-02  2.967E+00  7.092E+01  4.272E+00
0  172 -1.107E+00  3.524E+00  2.850E+01  4.992E+00
0  173  8.306E-01  2.472E+00  9.808E+01  4.723E+00
0  174  1.678E+00  3.459E+00  9.266E+01  4.397E+00
0  175 -6.305E-01  7.651E+00  1.834E+01  4.205E+00
0  176  1.627E-01  6.783E+00  1.093E+01  4.816E+00
0  177  2.347E-01  4.173E+00  1.589E+01  4.246E+00
0  178 -1.533E-01  3.623E+00  1.866E+01  3.904E+00
0  179 -2.698E+00  1.380E+00  8.919E+01  4.997E+00
0  180 -6.241E-01  4.119E+00  7.064E+01  3.899E+00
0  181 -2.948E+00  3.883E+00  6.057E+01  4.137E+00
0  182 -3.215E-01  4.347E+00  7.583E+01  4.426E+00
0  183  3.202E-01  4.992E+00  2.000E+01  4.914E+00
0  184 -1.142E-01  3.339E+00  8.637E+01  4.051E+00
0  185  6.882E-01  7.898E-02  3.979E+01  4.256E+00
0  186 -1.806E-01  5.333E+00  9.399E+01  4.208E+00
0  187  2.389E+00  6.140E+00  5.954E+01  4.100E+00
0  188 -6.775E-01  5.277E+00  2.751E+01  4.785E+00
0  189  2.595E-01  7.420E+00  6.509E+01  4.477E+00
0  190 -1.735E+00  4.818E+00  2.270E+01  4.401E+00
0  191 -8.941E-01  5.757E+00  4.725E+01  4.424E+00
0  192 -9.216E-01  4.633E+00  9.988E+01  4.559E+00
0  193  7.685E-02  6.431E+00  2.814E+01  4.141E+00
0  194 -1.426E+00  6.875E+00  9.148E+01  4.078E+00
0  195  4.591E-01  7.859E+00  1.069E+01  4.465E+00
0  196  5.017E-02  1.391E-01  3.920E+01  4.452E+00
0  197  2.739E+00  5.123E+00  5.201E+01  5.021E+00
0  198  9.549E-02  6.497E+00  7.877E+01  4.128E+00
0  199  5.713E-01  3.928E+00  7.235E+01  4.732E+00
0  200 -1.885E+00  2.059E+00  3.304E+01  4.619E+00
0  201 -2.379E+00  4.692E+00  5.190E+01  4.145E+00
0  202 -1.453E+00  7.049E+00  8.375E+01  4.833E+00
0  203  6.547E-01  5.504E+00  4.932E+01  4.610E+00
0  204  1.003E+00  3.978E+00  5.708E+01  4.204E+00
0  205  4.332E-01  5.064E+00  7.081E+01  4.080E+00
0  206  1.411E+00  6.639E+00  3.642E+01  4.520E+00
0  207  9.020E-01  3.592E+00  6.455E+01  3.559E+00
0  208  5.044E-01  5.751E+00  3.416E+01  3.601E+00
0  209  3.500E+00  4.919E+00  6.716E+01  4.938E+00
0  210 -2.322E+00  3.382E+00  5.854E+01  4.532E+00
0  211 -9.990E-01  2.705E+00  2.740E+01  4.124E+00
0  212 -5.293E-01  4.568E+00  4.839E+01  4.567E+00
0  213  1.430E+00  2.579E+00  7.029E+01  4.421E+00
0  214  3.033E+00  5.720E+00  2.218E+01  4.018E+00
0  215  2.403E-02  5.698E+00  9.174E+01  4.395E+00
0  216 -7.609E-01  8.924E+00  8.425E+01  4.462E+00
0  217  7.566E-01  8.393E+00  3.696E+01  4.606E+00
0  218 -1.074E-01  1.590E+00  4.659E+01  4.116E+00
0  219  1.117E+00  9.371E+00  2.554E+01  4.140E+00
0  220  1.449E+00  5.585E+00  8.800E+01  4.898E+00
0  221 -1.990E+00  5.027E+00  2.698E+01  3.766E+00
0  222  4.481E-01  4.210E+00  9.725E+01  5.044E+00
0  223  1.491E+00  6.565E+00  3.863E+01  4.603E+00
0  224 -1.186E+00  2.126E+00  7.719E+01  3.902E+00
0  225  1.743E-01  7.358E+00  1.640E+01  5.154E+00
0  226 -8.317E-02  4.315E+00  4.481E+01  4.028E+00
0  227  1.199E+00  4.543E+00  7.559E+01  4.106E+00
0  228  1.715E+00  1.050E+01  4.148E+01  4.696E+00
0  229 -3.257E+00  6.610E+00  4.181E+01  4.968E+00
0  230 -2.072E+00  6.512E+00  2.990E+01  3.704E+00
0  231  1.487E+00  7.630E+00  6.188E+01  5.102E+00
0  232 -4.967E-01  9.577E-01  6.750E+01  4.064E+00
0  233  1.659E+00  7.068E+00  1.686E+01  4.838E+00
0  234 -1.319E+00  6.381E+00  6.666E+01  4.057E+00
0  235 -1.684E-01  7.805E+00  7.500E+01  4.675E+00
0  236  9.971E-01  5.374E+00  4.362E+01  3.974E+00
0  237 -8.396E-01  3.087E+00  8.585E+01  4.434E+00
0  238 -1.789E+00  5.192E+00  7.695E+01  4.164E+00
0  239 -3.727E-01  4.262E+00  4.446E+01  4.479E+00
0  240 -3.144E+00  5.577E+00  4.229E+01  4.298E+00
0  241  2.695E+00  2.465E+00  1.317E+01  4.714E+00
0  242  8.129E-01  6.787E+00  7.495E+01  4.042E+00
0  243 -1.796E+00  1.207E+00  1.938E+01  5.205E+00
0  244  3.500E+00  7.028E+00  3.858E+01  4.303E+00
0  245 -2.952E-01  9.064E+00  6.428E+01  3.559E+00
0  246 -6.424E-01  9.652E+00  5.355E+01  4.539E+00
0  247 -3.709E+00  3.642E+00  6.923E+01  4.555E+00
0  248 -1.137E+00  6.251E+00  2.656E+01  4.193E+00
0  249  5.809E-01  3.444E+00  9.855E+01  4.282E+00
0  250  1.141E+00  4.902E+00  2.504E+01  4.588E+00
0  251 -1.085E+00  7.936E+00  6.819E+01  4.589E+00
0  252 -9.058E-01  8.745E+00  1.901E+01  4.221E+00
0  253 -5.222E-01  1.001E+01  2.515E+01  4.523E+00
0  254  2.804E-01  5.984E+00  6.644E+01  4.223E+00
0  255  1.602E+00  4.481E+00  5.642E+01  4.133E+00
0  256 -1.450E+00  8.718E-01  4.509E+01  4.114E+00
0  257  5.858E-01  2.663E+00  7.287E+01  4.573E+00
0  258  1.308E+00  8.882E+00  2.974E+01  4.460E+00
0  259 -1.771E+00  5.351E+00  8.763E+01  4.392E+00
0  260 -3.279E-01  4.493E+00  6.804E+01  4.170E+00
0  261 -1.353E-01  2.780E+00  5.046E+01  4.073E+00
0  262  1.690E+00  3.182E+00  6.078E+01  4.361E+00
0  263 -1.571E+00  5.912E-01  7.041E+01  5.181E+00
0  264 -8.373E-01  5.084E+00  9.661E+01  4.121E+00
0  265 -4.380E-01  9.792E+00  5.903E+01  4.651E+00
0  266 -2.102E+00  9.471E+00  9.430E+01  4.870E+00
0  267  2.201E+00  5.741E+00  6.239E+01  4.010E+00
0  268 -5.160E-01  3.503E+00  1.356E+01  4.301E+00
0  269 -7.864E-01  5.894E+00  4.889E+01  3.972E+00
0  270  1.418E+00  7.591E+00  3.819E+01  4.869E+00
0  271 -1.530E+00  3.411E+00  4.640E+01  3.862E+00
0  272  2.309E-01  1.907E+00  3.250E+01  4.649E+00
0  273 -1.469E+00  6.071E+00  3.885E+01  4.054E+00
0  274  1.655E+00  5.814E+00  7.256E+01  4.791E+00
0  275 -1.324E+00  2.766E+00  7.436E+01  4.468E+00
0  276  5.497E-01  6.590E+00  3.788E+01  4.595E+00
0  277 -1.407E+00  4.270E+00  2.014E+01  4.892E+00
0  278  1.629E+00  4.669E+00  6.118E+01  4.678E+00
0  279 -1.987E+00  6.659E+00  8.192E+01  4.377E+00
0  280 -9.129E-01  1.139E+00  5.564E+01  4.735E+00
0  281  3.700E-01  7.953E+00  6.543E+01  5.205E+00
0  282 -2.155E-01  9.068E+00  3.014E+01  4.305E+00
0  283  1.152E+00  3.138E+00  7.455E+01  4.201E+00
0  284 -9.822E-01  5.942E+00  1.171E+01  3.875E+00
0  285  5.282E-01  6.142E+00  3.675E+01  4.699E+00
0  286 -1.627E-01  5.409E+00  9.926E+01  4.008E+00
0  287 -7.580E-01  4.718E+00  6.138E+01  4.953E+00
0  288  7.074E-01  4.074E+00  2.251E+01  3.678E+00
0  289  2.336E+00  7.409E+00  3.722E+01  4.571E+00
0  290  8.922E-02  3.424E+00  6.609E+01  4.344E+00
0  291 -2.274E+00  3.218E+00  3.037E+01  4.328E+00
0  292  3.987E-01  3.043E+00  8.675E+01  4.771E+00
0  293  2.915E+00  4.972E+00  2.070E+01  4.162E+00
0  294 -2.625E+00  6.907E-01  7.987E+01  4.445E+00
0  295  4.681E-01  5.071E+00  9.837E+01  3.796E+00
0  296  1.519E+00  6.270E+00  7.799E+01  3.559E+00
0  297 -5.079E-01  5.606E+00  4.609E+01  4.584E+00
0  298  1.379E+00  5.878E+00  2.367E+01  4.371E+00
0  299 -1.413E+00  4.194E+00  1.485E+01  3.826E+00
0  300  1.575E+00  4.185E+00  6.032E+01  4.070E+00
0  301  2.535E-01  3.389E+00  3.399E+01  4.091E+00
0  302 -2.170E+00  6.036E+00  3.915E+01  3.858E+00
0  303  4.077E-01  3.116E-01  3.228E+01  4.220E+00
0  304  3.348E-01  6.178E+00  2.541E+01  3.932E+00
0  305  1.800E+00  4.089E+00  4.887E+01  4.367E+00
0  306  2.154E+00  6.306E+00  3.247E+01  4.428E+00
0  307 -6.617E-01  3.291E+00  5.459E+01  4.407E+00
0  308  9.413E-01  4.331E+00  1.519E+01  4.265E+00
0  309 -1.671E+00  4.053E+00  7.345E+01  4.547E+00
0  310  4.259E-01  3.019E+00  4.426E+01  3.785E+00
0  311 -1.167E+00  2.155E+00  7.875E+01  3.949E+00
0  312 -1.173E+00  2.283E+00  5.477E+01  3.715E+00
0  313 -5.606E-01  5.963E+00  1.183E+01  4.295E+00
0  314  7.471E-01  3.123E+00  1.490E+01  4.334E+00
0  315  1.993E-01  6.324E+00  2.871E+01  5.062E+00
0  316  1.041E+00  3.285E+00  5.651E+01  4.215E+00
0  317 -1.096E+00  4.110E+00  6.345E+01  4.612E+00
0  318  1.781E+00  5.390E+00  5.231E+01  4.200E+00
0  319  1.944E+00  4.831E+00  6.166E+01  4.411E+00
0  320  2.998E-01  4.796E+00  4.058E+01  4.247E+00
0  321  7.412E-01  3.966E+00  9.084E+01  4.346E+00
0  322 -7.856E-01  8.035E+00  3.374E+01  4.542E+00
0  323 -3.042E-01  6.769E+00  9.958E+01  4.846E+00
0  324  8.507E-01  6.893E+00  7.108E+01  4.447E+00
0  325 -6.450E-01  3.935E+00  5.500E+01  4.489E+00
0  326  2.320E+00  4.586E+00  6.731E+01  4.722E+00
0  327 -2.561E+00  7.723E+00  7.743E+01  3.742E+00
0  328 -2.804E-01  7.548E+00  3.530E+01  4.190E+00
0  329 -3.941E-01  1.050E+01  4.961E+01  4.915E+00
0  330  1.179E+00  2.560E+00  6.981E+01  4.933E+00
0  331  2.301E+00  7.761E+00  5.733E+01  4.508E+00
0  332  3.048E-03  4.855E+00  2.056E+01  4.156E+00
0  333  4.797E-01  8.729E+00  3.954E+01  3.983E+00
0  334  3.525E-01  3.372E+00  2.481E+01  4.372E+00
0  335  1.135E-01  4.813E+00  3.562E+01  4.014E+00
0  336  1.030E+00  5.310E+00  4.855E+01  4.273E+00
0  337  1.584E+00  3.849E+00  8.842E+01  4.351E+00
0  338 -1.822E+00  3.249E+00  7.593E+01  4.496E+00
0  339 -4.048E-01  4.146E+00  2.135E+01  3.935E+00
0  340 -1.872E+00  3.308E+00  9.368E+01  4.559E+00
0  341 -6.177E-01  2.393E+00  4.511E+01  4.436E+00
0  342 -5.884E-01  4.755E+00  3.519E+01  4.359E+00
0  343  2.068E+00  6.118E+00  9.478E+01  4.076E+00
0  344 -1.269E-01  6.296E+00  7.633E+01  4.003E+00
0  345  3.500E+00  2.651E+00  7.392E+01  4.925E+00
0  346 -1.952E-01  4.379E+00  7.278E+01  4.063E+00
0  347  1.111E+00  7.783E+00  4.568E+01  4.796E+00
0  348 -3.335E+00  2.189E+00  2.326E+01  4.475E+00
0  349 -1.048E+00  5.364E+00  6.069E+01  4.110E+00
0  350 -3.000E+00  4.524E+00  7.969E+01  4.149E+00
0  351 -1.895E-01  4.375E+00  8.610E+01  4.366E+00
0  352 -3.413E+00  8.061E+00  7.356E+01  4.409E+00
0  353 -3.122E-01  6.099E+00  1.756E+01  4.745E+00
0  354 -2.867E+00  4.016E+00  9.630E+01  4.265E+00
0  355  9.740E-01  6.026E+00  4.778E+01  3.728E+00
0  356  1.475E-01  4.094E+00  5.923E+01  4.024E+00
0  357 -2.052E-01  8.012E+00  8.665E+01  3.999E+00
0  358 -2.512E+00  5.694E+00  7.377E+01  4.520E+00
0  359 -1.076E+00  6.542E+00  8.021E+01  4.068E+00
0  360  2.788E-01  7.708E+00  6.898E+01  4.879E+00
0  361 -8.822E-01  5.656E+00  5.532E+01  4.239E+00
0  362 -7.059E-02  5.007E+00  8.793E+01  4.741E+00
0  363 -1.244E+00  5.213E+00  3.494E+01  4.406E+00
0  364  2.424E+00  7.494E+00  8.552E+01  4.153E+00
0  365 -4.506E-01  2.500E+00  4.004E+01  4.514E+00
0  366 -3.597E-01  6.423E+00  2.122E+01  3.654E+00
0  367  3.010E+00  9.397E+00  1.257E+01  4.085E+00
0  368  1.202E+00  6.939E+00  2.175E+01  4.034E+00
0  369 -6.963E-01  6.012E+00  8.935E+01  4.260E+00
0  370 -9.928E-01  1.037E+01  8.448E+01  4.093E+00
0  371  2.162E+00  4.889E+00  4.946E+01  3.979E+00
0  372  2.009E+00  6.565E-01  9.417E+01  4.502E+00
0  373  2.469E+00  5.182E+00  2.435E+01  4.178E+00
0  374  1.019E+00  5.425E+00  2.336E+01  4.244E+00
0  375  1.558E+00  5.791E+00  3.076E+01  4.842E+00
0  376 -1.391E+00  6.635E+00  5.330E+01  4.639E+00
0  377  1.388E+00  7.737E+00  9.573E+01  4.441E+00
0  378 -1.374E+00  5.032E+00  4.029E+01  4.681E+00
0  379 -3.028E+00  5.545E+00  5.821E+01  4.474E+00
0  380 -1.056E+00  6.060E+00  4.073E+01  4.455E+00
0  381 -9.639E-01  5.864E+00  3.119E+01  4.569E+00
0  382 -1.476E+00  6.107E+00  6.392E+01  4.084E+00
0  383 -2.083E+00  5.109E+00  4.255E+01  4.151E+00
0  384  6.726E-01  5.443E+00  1.446E+01  4.577E+00
0  385  6.375E-01  5.912E+00  4.400E+01  4.451E+00
0  386 -2.582E+00  2.437E+00  4.824E+01  4.184E+00
0  387 -7.294E-01  3.115E+00  3.054E+01  4.689E+00
0  388  2.873E+00  4.130E+00  9.645E+01  4.645E+00
0  389 -8.786E-01  4.962E+00  5.142E+01  4.390E+00
0  390  1.900E-01  5.676E+00  2.725E+01  4.385E+00
0  391 -2.254E+00  2.022E+00  5.615E+01  4.878E+00
0  392  1.841E-01  5.619E+00  8.692E+01  3.775E+00
0  393  1.272E+00  6.989E+00  4.732E+01  4.473E+00
0  394  1.031E+00  1.926E+00  2.767E+01  4.255E+00
0  395 -1.816E+00  7.281E+00  3.392E+01  4.387E+00
0  396 -3.687E+00  5.522E+00  9.449E+01  4.303E+00
0  397  1.318E+00  6.203E+00  9.796E+01  4.291E+00
0  398  2.610E+00  7.330E+00  9.198E+01  4.831E+00
0  399 -1.507E+00  9.008E+00  1.385E+01  3.990E+00
0  400  2.143E-01  9.521E+00  3.840E+01  3.916E+00
0  401  8.653E-01  4.653E+00  9.941E+01  3.747E+00
0  402 -3.836E-02  8.294E+00  8.414E+01  4.972E+00
0  403 -2.027E+00  5.594E+00  5.077E+01  4.361E+00
0  404 -1.511E+00  1.502E+00  8.226E+01  4.789E+00
0  405  2.133E+00  5.287E+00  9.296E+01  4.258E+00
0  406  2.015E-01  6.451E+00  2.826E+01  4.469E+00
0  407  2.766E+00  5.394E+00  6.682E+01  4.634E+00
0  408  8.930E-01  4.444E+00  8.979E+01  4.610E+00
0  409  8.416E-01  3.833E+00  5.215E+01  4.114E+00
0  410 -2.813E+00  6.841E+00  3.701E+01  4.779E+00
0  411 -4.213E-01  4.765E+00  1.404E+01  5.205E+00
0  412 -5.833E-01  6.222E+00  4.325E+01  4.506E+00
0  413 -1.116E+00  5.824E+00  3.745E+01  3.847E+00
0  414  6.416E-01  2.214E+00  8.237E+01  4.622E+00
0  415 -2.922E+00  7.133E+00  6.553E+01  4.097E+00
0  416  4.363E-01  7.167E+00  8.561E+01  4.767E+00
0  417  2.029E+00  2.903E+00  7.825E+01  4.855E+00
0  418 -1.072E+00  6.165E+00  3.311E+01  4.440E+00
0  419 -9.765E-01  7.898E-02  2.419E+01  4.490E+00
0  420 -1.918E+00  4.930E+00  1.751E+01  4.808E+00
0  421  2.192E-01  7.086E+00  7.010E+01  4.232E+00
0  422  3.089E-01  6.750E+00  7.415E+01  4.210E+00
0  423 -1.544E+00  7.229E+00  5.283E+01  4.021E+00
0  424 -2.520E+00  7.533E+00  4.470E+01  5.081E+00
0  425  1.336E+00  8.267E+00  5.020E+01  4.136E+00
0  426 -5.000E-01  3.046E+00  7.767E+01  3.812E+00
0  427  5.140E-01  5.766E+00  8.102E+01  4.421E+00
0  428 -5.970E-01  8.531E+00  7.302E+01  4.624E+00
0  429 -5.501E-01  6.403E+00  1.883E+01  4.290E+00
0  430 -6.159E-02  6.234E+00  8.965E+01  4.665E+00
0  431 -3.786E-01  4.040E+00  5.769E+01  3.938E+00
0  432 -1.843E+00  1.803E+00  8.517E+01  3.985E+00
0  433 -1.200E+00  7.970E+00  9.338E+01  4.196E+00
0  434 -2.291E+00  5.890E+00  1.420E+01  3.805E+00
0  435  1.536E+00  4.621E+00  4.531E+01  4.492E+00
0  436 -3.928E-01  7.004E+00  9.762E+01  4.413E+00
0  437  3.898E-01  3.809E+00  4.632E+01  4.333E+00
0  438 -1.009E+00  4.554E+00  4.196E+01  4.511E+00
0  439  1.933E+00  6.465E+00  4.273E+01  4.294E+00
0  440  2.918E-02  5.460E+00  7.124E+01  4.693E+00
0  441 -1.698E+00  8.086E+00  9.562E+01  4.901E+00
0  442  1.737E+00  3.804E+00  1.236E+01  4.330E+00
0  443  1.080E+00  4.452E+00  8.340E+01  4.045E+00
0  444 -2.226E+00  8.938E+00  5.440E+01  4.654E+00
0  445  1.255E+00  8.471E+00  6.303E+01  4.851E+00
0  446 -1.268E+00  7.834E+00  1.200E+01  3.722E+00
0  447  1.507E+00  4.428E+00  4.020E+01  4.803E+00
0  448  2.530E+00  3.730E+00  2.029E+01  3.968E+00
0  449 -6.704E-01  2.877E+00  8.752E+01  4.687E+00
0  450  6.908E-01  2.100E+00  1.858E+01  3.792E+00
0  451  2.555E+00  6.733E+00  8.944E+01  4.320E+00
0  452  8.765E-01  7.898E-02  2.582E+01  4.500E+00
0  453  3.086E+00  5.014E+00  9.877E+01  3.925E+00
0  454  2.363E+00  8.425E+00  7.785E+01  4.032E+00
0  455 -3.528E+00  1.050E+01  5.871E+01  4.229E+00
0  456  1.445E-01  3.577E+00  5.119E+01  4.713E+00
0  457  1.265E+00  4.291E+00  5.602E+01  4.192E+00
0  458 -1.142E+00  6.326E+00  7.853E+01  4.484E+00
0  459 -9.288E-01  9.836E+00  1.326E+01  4.347E+00
0  460 -1.461E-01  3.531E+00  4.685E+01  4.727E+00
0  461  4.650E-01  5.567E+00  2.612E+01  4.380E+00
0  462 -8.257E-01  4.682E+00  4.748E+01  4.185E+00
0  463 -2.105E-01  3.737E+00  7.529E+01  4.799E+00
0  464 -1.851E+00  1.022E+01  6.416E+01  4.213E+00
0  465 -8.053E-01  4.219E+00  1.282E+01  4.471E+00
0  466 -2.426E+00  3.792E+00  2.633E+01  4.197E+00
0  467 -4.646E-01  6.815E+00  1.720E+01  4.267E+00
0  468 -5.387E-01  8.240E+00  6.317E+01  4.614E+00
0  469 -3.709E+00  3.753E+00  1.672E+01  4.431E+00
0  470 -3.440E-01  6.955E+00  2.925E+01  4.278E+00
0  471 -1.758E+00  6.683E+00  2.876E+01  4.701E+00
0  472 -4.108E-01  3.691E+00  7.535E+01  4.534E+00
0  473 -2.777E+00  5.711E+00  3.464E+01  4.317E+00
0  474  1.173E+00  4.158E+00  8.715E+01  3.942E+00
0  475 -4.317E-01  7.354E+00  4.097E+01  4.182E+00
0  476 -6.887E-01  5.256E+00  3.609E+01  4.130E+00
0  477  5.382E-01  8.168E+00  2.370E+01  3.618E+00
0  478  2.244E+00  2.591E+00  1.970E+01  4.634E+00
0  479  2.581E+00  1.616E+00  6.575E+01  4.275E+00
0  480 -8.500E-01  6.551E+00  8.489E+01  3.924E+00
0  481  8.184E-01  3.261E+00  5.976E+01  4.756E+00
0  482  3.824E-01  2.845E+00  5.590E+01  4.037E+00
0  483 -1.189E+00  7.898E-02  2.225E+01  4.768E+00
0  484  3.355E+00  6.347E+00  5.684E+01  4.404E+00
0  485 -1.362E+00  4.609E+00  8.305E+01  3.961E+00
0  486 -1.256E+00  2.828E+00  7.926E+01  4.042E+00
0  487 -1.031E+00  2.928E+00  2.293E+01  4.147E+00
0  488 -1.123E+00  4.725E+00  5.172E+01  4.483E+00
0  489  1.875E+00  3.170E+00  2.460E+01  4.237E+00
0  490 -1.283E+00  7.151E+00  8.011E+01  4.160E+00
0  491  7.763E-01  2.864E+00  2.678E+01  3.911E+00
0  492 -8.139E-01  4.302E+00  6.365E+01  4.251E+00
0  493 -3.524E-01  1.460E+00  9.259E+01  3.635E+00
0  494  1.553E+00  5.237E+00  5.289E+01  4.629E+00
0  495  2.228E+00  7.376E+00  5.779E+01  4.174E+00
0  496 -1.624E+00  1.050E+01  6.281E+01  4.315E+00
0  497  3.188E+00  1.360E+00  5.805E+01  5.035E+00
0  498 -1.603E+00  8.192E-01  8.076E+01  4.863E+00
0  499 -1.971E+00  5.415E+00  3.650E+01  4.860E+00
0  500  6.612E-01  4.646E+00  5.372E+01  4.218E+00
1TITLE SDB Name = LHSTEST         , Ver = 2.51         07/12/00                                      
0RANKS OF LATIN HYPERCUBE SAMPLE INPUT VECTORS

 RUN NO.     X(1)       X(2)       X(3)       X(4)
0    1       498.       170.       447.       110.
0    2       462.        32.        73.       269.
0    3       137.       370.       327.       410.
0    4       119.       135.        45.       217.
0    5        81.       182.       293.       329.
0    6       339.       240.       311.       394.
0    7       378.       333.       288.        41.
0    8       309.       350.       368.       321.
0    9       181.       300.       156.       235.
0   10       170.        19.       379.       489.
0   11       202.       468.       290.       315.
0   12       171.         3.        62.       234.
0   13       147.       130.        81.       368.
0   14        59.       134.       457.       296.
0   15       139.       235.         8.       170.
0   16         3.       114.       411.       136.
0   17       204.       251.       179.       475.
0   18       164.       453.       198.       434.
0   19        25.        15.        93.       492.
0   20       402.        81.       305.       211.
0   21       106.       418.       495.       280.
0   22       174.        36.       298.       165.
0   23       269.       214.       264.       184.
0   24       305.       320.        30.       169.
0   25       111.       199.       144.       478.
0   26       404.       223.        61.       196.
0   27       493.       379.       483.       486.
0   28       352.        74.       119.       324.
0   29       482.       167.       222.       232.
0   30       390.        62.       473.       260.
0   31       265.        59.       430.       391.
0   32       167.       384.       136.       331.
0   33       103.       329.       190.        11.
0   34       326.       173.       392.       397.
0   35        98.       366.       279.       188.
0   36        20.        31.       373.       192.
0   37        38.       471.       345.       288.
0   38       373.       498.        21.       447.
0   39       262.       369.       415.       292.
0   40         3.       190.         7.       308.
0   41       351.       217.         1.       374.
0   42       456.       118.       486.       137.
0   43       191.       253.       449.       396.
0   44       298.       268.       445.       270.
0   45       246.       267.       164.       236.
0   46       441.        28.       100.       348.
0   47        35.        29.        65.       276.
0   48       375.       237.       245.       365.
0   49       233.       299.       404.        20.
0   50       316.       457.       183.       473.
0   51        62.       174.        32.       358.
0   52        44.       220.       478.       108.
0   53       455.       132.       435.       166.
0   54       334.       465.        31.       405.
0   55         8.       345.       176.        28.
0   56        27.       161.       409.       342.
0   57       469.       125.       332.       387.
0   58       449.       229.       448.       356.
0   59       261.       352.       275.        48.
0   60       217.       141.         3.       345.
0   61       495.       312.       109.       226.
0   62       156.        47.       138.       248.
0   63       409.       243.       452.       325.
0   64        33.       416.       272.        57.
0   65        48.       402.       396.       227.
0   66       125.       387.       471.       250.
0   67        75.       409.       479.       444.
0   68       284.        97.       260.       393.
0   69        32.        17.        78.       357.
0   70       370.       479.       253.        31.
0   71        80.        64.       186.       466.
0   72       258.       437.       121.       398.
0   73        37.       458.       120.       198.
0   74        73.       368.        55.       462.
0   75       272.       491.        35.       363.
0   76       203.       446.       211.       491.
0   77       367.       117.       313.        58.
0   78       187.       408.       405.       415.
0   79       447.       417.        34.       246.
0   80       413.         8.       246.        69.
0   81       357.       401.       499.       335.
0   82        87.       294.       322.        91.
0   83       254.       449.       200.        32.
0   84       333.       440.       398.       378.
0   85       307.       281.       438.       425.
0   86       408.       307.        26.       285.
0   87        83.       487.       419.       240.
0   88       498.       233.       393.       228.
0   89       117.       175.       343.       422.
0   90       231.       211.       223.       222.
0   91        45.       380.       462.       411.
0   92        85.       309.       397.       330.
0   93       434.        44.        52.       158.
0   94       448.       106.       240.       436.
0   95       230.       393.       184.       429.
0   96       361.       343.       108.       203.
0   97       443.       202.         9.       448.
0   98       107.       296.       488.       243.
0   99       414.       121.       146.       309.
0  100        78.       466.       352.       132.
0  101       235.       206.       475.       257.
0  102       257.       397.       451.       380.
0  103       403.       482.       251.       481.
0  104       415.       248.        13.       210.
0  105       477.       403.       401.       106.
0  106       338.       336.       317.       430.
0  107       273.       461.       325.       254.
0  108       341.       355.       206.       209.
0  109       260.        88.       122.       341.
0  110        23.       284.       237.       115.
0  111         3.       138.       360.       194.
0  112       459.       390.       131.        42.
0  113       397.       359.       344.       362.
0  114       360.       472.       458.       339.
0  115       279.       239.       331.        40.
0  116       329.       238.       123.       343.
0  117        14.       110.       463.       271.
0  118       221.       361.       416.        34.
0  119       461.       142.         5.       385.
0  120       377.        55.        67.       177.
0  121       391.       376.       228.        87.
0  122       146.       425.       188.       334.
0  123        88.        67.       446.       218.
0  124       301.       144.       439.       384.
0  125       192.       282.       321.       392.
0  126       353.       213.       106.        60.
0  127       387.       493.       174.       251.
0  128        60.        46.       346.       173.
0  129       359.       120.       142.        72.
0  130       148.       463.       399.       426.
0  131       234.       342.        44.       354.
0  132       118.       423.       117.       318.
0  133       113.       439.       371.       366.
0  134        55.       383.         2.        13.
0  135       110.        35.       386.       337.
0  136       173.       450.       130.       498.
0  137        12.       480.       278.       141.
0  138       271.       327.       484.       119.
0  139       388.       245.       370.         3.
0  140        47.        90.       230.       498.
0  141        77.       265.       437.       140.
0  142       451.       255.       172.       482.
0  143       347.        24.       493.        55.
0  144       263.        27.       113.       445.
0  145        93.       183.       244.       215.
0  146       175.       205.       291.       146.
0  147       340.       452.       342.       427.
0  148       232.       429.       424.       293.
0  149       444.       160.        46.        67.
0  150       227.       306.       407.       402.
0  151       486.       420.       474.       219.
0  152       452.       105.       212.       282.
0  153       252.       317.       329.       197.
0  154       207.        77.       326.         6.
0  155        53.       179.       269.       225.
0  156       277.       272.        40.        30.
0  157       229.       467.       218.       470.
0  158       251.       313.       154.       262.
0  159        49.       406.        17.       349.
0  160       280.       111.        89.        79.
0  161       380.       481.       303.         3.
0  162       295.       188.       306.       412.
0  163       325.       427.       466.        38.
0  164       157.        76.       226.       494.
0  165       374.        50.       454.       212.
0  166       281.       269.       127.       313.
0  167       394.       274.        37.        37.
0  168       422.       405.       384.       419.
0  169       310.       396.       284.       179.
0  170       423.        48.       387.       102.
0  171       266.        75.       339.       189.
0  172       130.       108.       103.       479.
0  173       364.        53.       490.       417.
0  174       438.       104.       460.       259.
0  175       184.       428.        47.       155.
0  176       285.       374.         6.       446.
0  177       294.       155.        33.       175.
0  178       244.       115.        49.        45.
0  179        24.        21.       440.       480.
0  180       185.       151.       337.        43.
0  181        17.       133.       281.       123.
0  182       223.       169.       366.       275.
0  183       304.       224.        56.       467.
0  184       249.        96.       425.        88.
0  185       348.         3.       166.       181.
0  186       241.       254.       467.       156.
0  187       474.       324.       276.       107.
0  188       178.       249.        98.       437.
0  189       297.       415.       307.       304.
0  190        74.       209.        71.       261.
0  191       153.       292.       207.       274.
0  192       150.       193.       500.       346.
0  193       274.       348.       101.       125.
0  194        99.       381.       453.        98.
0  195       321.       438.         4.       297.
0  196       270.         6.       163.       290.
0  197       484.       236.       234.       483.
0  198       276.       353.       383.       118.
0  199       335.       136.       347.       420.
0  200        63.        38.       128.       375.
0  201        36.       198.       233.       126.
0  202        96.       392.       410.       450.
0  203       344.       270.       219.       370.
0  204       382.       140.       262.       154.
0  205       318.       230.       338.        99.
0  206       418.       364.       147.       327.
0  207       372.       113.       304.         3.
0  208       327.       291.       135.         7.
0  209       498.       218.       318.       472.
0  210        39.        99.       270.       332.
0  211       141.        63.        97.       117.
0  212       196.       187.       214.       350.
0  213       420.        57.       335.       273.
0  214       490.       289.        68.        76.
0  215       267.       287.       455.       258.
0  216       168.       474.       413.       295.
0  217       356.       459.       150.       369.
0  218       250.        25.       204.       114.
0  219       393.       483.        87.       124.
0  220       421.       277.       434.       464.
0  221        56.       227.        95.        21.
0  222       320.       158.       485.       485.
0  223       425.       358.       160.       367.
0  224       122.        40.       374.        44.
0  225       286.       412.        36.       493.
0  226       253.       166.       194.        80.
0  227       400.       185.       365.       109.
0  228       440.       498.       175.       407.
0  229        11.       362.       177.       476.
0  230        52.       354.       111.        14.
0  231       424.       426.       289.       490.
0  232       201.        14.       320.        93.
0  233       437.       394.        39.       451.
0  234       109.       344.       315.        90.
0  235       242.       435.       362.       399.
0  236       381.       258.       187.        63.
0  237       159.        82.       422.       279.
0  238        70.       242.       372.       135.
0  239       216.       162.       192.       305.
0  240        13.       276.       180.       204.
0  241       483.        52.        18.       414.
0  242       362.       375.       361.        84.
0  243        69.        18.        53.       498.
0  244       498.       391.       159.       207.
0  245       226.       477.       302.         3.
0  246       183.       488.       242.       336.
0  247         3.       116.       330.       344.
0  248       127.       334.        92.       149.
0  249       336.       103.       492.       195.
0  250       395.       216.        84.       360.
0  251       132.       441.       324.       361.
0  252       152.       470.        51.       163.
0  253       197.       492.        85.       328.
0  254       300.       311.       314.       164.
0  255       433.       180.       258.       121.
0  256        97.        13.       195.       112.
0  257       337.        61.       350.       353.
0  258       410.       473.       110.       294.
0  259        71.       256.       432.       256.
0  260       222.       181.       323.       138.
0  261       247.        66.       225.        96.
0  262       439.        87.       283.       238.
0  263        86.         9.       336.       495.
0  264       160.       232.       482.       116.
0  265       208.       489.       273.       389.
0  266        50.       485.       469.       459.
0  267       466.       290.       292.        74.
0  268       198.       107.        20.       205.
0  269       165.       304.       217.        62.
0  270       419.       424.       157.       458.
0  271        90.       101.       203.        36.
0  272       293.        33.       126.       388.
0  273        95.       319.       161.        89.
0  274       436.       297.       348.       439.
0  275       108.        65.       358.       298.
0  276       332.       360.       155.       364.
0  277       101.       163.        57.       463.
0  278       435.       196.       285.       400.
0  279        57.       365.       400.       247.
0  280       151.        16.       254.       421.
0  281       311.       442.       308.       498.
0  282       236.       478.       112.       208.
0  283       396.        85.       359.       153.
0  284       143.       308.        10.        39.
0  285       330.       325.       149.       408.
0  286       243.       261.       496.        73.
0  287       169.       200.       286.       474.
0  288       350.       147.        70.        12.
0  289       472.       414.       152.       352.
0  290       275.       102.       312.       229.
0  291        41.        89.       114.       220.
0  292       314.        79.       427.       433.
0  293       488.       222.        60.       134.
0  294        26.        11.       389.       286.
0  295       323.       231.       491.        25.
0  296       427.       335.       378.         3.
0  297       199.       279.       201.       359.
0  298       416.       302.        76.       244.
0  299       100.       157.        27.        29.
0  300       431.       156.       280.        95.
0  301       296.       100.       134.       103.
0  302        46.       316.       162.        35.
0  303       315.         7.       124.       162.
0  304       306.       328.        86.        51.
0  305       446.       148.       216.       242.
0  306       464.       338.       125.       277.
0  307       180.        94.       248.       265.
0  308       376.       168.        29.       186.
0  309        79.       146.       353.       340.
0  310       317.        78.       191.        23.
0  311       124.        41.       382.        56.
0  312       123.        45.       249.        15.
0  313       193.       310.        11.       202.
0  314       355.        84.        28.       224.
0  315       289.       339.       104.       487.
0  316       386.        93.       259.       160.
0  317       131.       150.       297.       372.
0  318       445.       259.       236.       152.
0  319       454.       210.       287.       267.
0  320       302.       207.       170.       176.
0  321       354.       139.       450.       230.
0  322       166.       445.       132.       338.
0  323       225.       373.       498.       453.
0  324       366.       382.       340.       287.
0  325       182.       137.       250.       310.
0  326       471.       189.       319.       416.
0  327        29.       431.       375.        18.
0  328       228.       422.       141.       147.
0  329       213.       498.       221.       468.
0  330       399.        56.       333.       471.
0  331       470.       433.       263.       320.
0  332       264.       212.        59.       131.
0  333       324.       469.       165.        65.
0  334       308.        98.        83.       245.
0  335       278.       208.       143.        75.
0  336       384.       252.       215.       190.
0  337       432.       131.       436.       233.
0  338        67.        91.       367.       314.
0  339       212.       153.        64.        52.
0  340        64.        95.       465.       347.
0  341       186.        49.       196.       281.
0  342       189.       203.       140.       237.
0  343       460.       323.       472.        97.
0  344       248.       337.       369.        71.
0  345       498.        60.       356.       469.
0  346       239.       172.       349.        92.
0  347       392.       434.       199.       440.
0  348        10.        42.        74.       303.
0  349       136.       257.       282.       111.
0  350        16.       184.       388.       128.
0  351       240.       171.       423.       241.
0  352         9.       447.       354.       266.
0  353       224.       321.        43.       424.
0  354        19.       143.       480.       185.
0  355       379.       315.       210.        17.
0  356       283.       149.       274.        78.
0  357       238.       444.       426.        70.
0  358        31.       286.       355.       326.
0  359       133.       356.       391.        94.
0  360       299.       430.       328.       461.
0  361       154.       283.       252.       172.
0  362       255.       225.       433.       423.
0  363       116.       244.       139.       264.
0  364       475.       419.       420.       130.
0  365       206.        54.       167.       323.
0  366       218.       347.        63.        10.
0  367       489.       484.        15.       101.
0  368       401.       385.        66.        82.
0  369       176.       314.       441.       183.
0  370       142.       495.       414.       104.
0  371       465.       215.       220.        64.
0  372       457.        10.       468.       317.
0  373       476.       241.        80.       142.
0  374       383.       263.        75.       174.
0  375       430.       295.       116.       452.
0  376       102.       363.       241.       383.
0  377       417.       432.       477.       284.
0  378       104.       228.       169.       401.
0  379        15.       273.       268.       302.
0  380       135.       318.       171.       291.
0  381       145.       301.       118.       351.
0  382        94.       322.       300.       100.
0  383        51.       234.       181.       129.
0  384       346.       264.        25.       355.
0  385       342.       305.       189.       289.
0  386        28.        51.       213.       144.
0  387       172.        83.       115.       404.
0  388       487.       152.       481.       386.
0  389       155.       221.       231.       255.
0  390       288.       285.        96.       252.
0  391        42.        37.       257.       460.
0  392       287.       280.       428.        22.
0  393       407.       388.       208.       301.
0  394       385.        34.        99.       180.
0  395        68.       407.       133.       253.
0  396         6.       271.       470.       206.
0  397       411.       330.       489.       200.
0  398       481.       410.       456.       449.
0  399        92.       476.        22.        68.
0  400       291.       486.       158.        47.
0  401       368.       195.       497.        19.
0  402       259.       456.       412.       477.
0  403        54.       278.       227.       239.
0  404        91.        23.       402.       438.
0  405       463.       250.       461.       182.
0  406       290.       349.       102.       299.
0  407       485.       260.       316.       382.
0  408       371.       177.       444.       371.
0  409       365.       129.       235.       113.
0  410        21.       378.       151.       435.
0  411       210.       204.        23.       498.
0  412       190.       331.       185.       319.
0  413       129.       298.       153.        33.
0  414       343.        43.       403.       376.
0  415        18.       398.       309.       105.
0  416       319.       400.       421.       431.
0  417       458.        72.       380.       455.
0  418       134.       326.       129.       283.
0  419       144.         3.        79.       311.
0  420        61.       219.        42.       443.
0  421       292.       395.       334.       168.
0  422       303.       372.       357.       157.
0  423        89.       404.       238.        77.
0  424        30.       421.       193.       488.
0  425       412.       455.       224.       122.
0  426       200.        80.       376.        27.
0  427       328.       293.       395.       272.
0  428       188.       464.       351.       377.
0  429       194.       346.        50.       199.
0  430       256.       332.       443.       395.
0  431       215.       145.       265.        53.
0  432        66.        30.       418.        66.
0  433       120.       443.       464.       150.
0  434        40.       303.        24.        26.
0  435       428.       192.       197.       312.
0  436       214.       389.       487.       268.
0  437       313.       128.       202.       223.
0  438       140.       186.       178.       322.
0  439       453.       351.       182.       201.
0  440       268.       266.       341.       406.
0  441        76.       448.       476.       465.
0  442       442.       127.        14.       221.
0  443       389.       178.       408.        86.
0  444        43.       475.       247.       390.
0  445       405.       462.       295.       454.
0  446       114.       436.        12.        16.
0  447       426.       176.       168.       442.
0  448       478.       122.        58.        61.
0  449       179.        71.       431.       403.
0  450       349.        39.        48.        24.
0  451       479.       371.       442.       216.
0  452       369.         3.        88.       316.
0  453       491.       226.       494.        50.
0  454       473.       460.       377.        81.
0  455         7.       498.       271.       167.
0  456       282.       112.       229.       413.
0  457       406.       164.       256.       148.
0  458       126.       340.       381.       307.
0  459       149.       490.        19.       231.
0  460       245.       109.       205.       418.
0  461       322.       275.        90.       249.
0  462       161.       197.       209.       145.
0  463       237.       123.       363.       441.
0  464        65.       494.       301.       159.
0  465       163.       159.        16.       300.
0  466        34.       126.        91.       151.
0  467       205.       377.        41.       187.
0  468       195.       454.       296.       373.
0  469         3.       124.        38.       278.
0  470       220.       386.       107.       193.
0  471        72.       367.       105.       409.
0  472       211.       119.       364.       333.
0  473        22.       288.       137.       214.
0  474       398.       154.       429.        54.
0  475       209.       411.       173.       143.
0  476       177.       247.       145.       120.
0  477       331.       451.        77.         8.
0  478       468.        58.        54.       381.
0  479       480.        26.       310.       191.
0  480       158.       357.       417.        49.
0  481       363.        92.       277.       428.
0  482       312.        69.       255.        83.
0  483       121.         3.        69.       432.
0  484       494.       341.       261.       263.
0  485       105.       191.       406.        59.
0  486       115.        68.       385.        85.
0  487       138.        73.        72.       127.
0  488       128.       201.       232.       306.
0  489       450.        86.        82.       171.
0  490       112.       399.       390.       133.
0  491       358.        70.        94.        46.
0  492       162.       165.       299.       178.
0  493       219.        22.       459.         9.
0  494       429.       246.       239.       379.
0  495       467.       413.       266.       139.
0  496        82.       498.       294.       213.
0  497       492.        20.       267.       484.
0  498        84.        12.       394.       457.
0  499        58.       262.       148.       456.
0  500       345.       194.       243.       161.
1   TITLE SDB Name = LHSTEST         , Ver = 2.51         07/12/00                                      
0  HISTOGRAM FOR VARIABLE NO.  1     NORMAL          DISTRIBUTION

     MIDPOINT          FREQ.

   -3.779999             6    XXXXXX
   -3.419999             5    XXXXX
   -3.059999             7    XXXXXXX
   -2.700000            11    XXXXXXXXXXX
   -2.340000            18    XXXXXXXXXXXXXXXXXX
   -1.980000            21    XXXXXXXXXXXXXXXXXXXXX
   -1.620000            29    XXXXXXXXXXXXXXXXXXXXXXXXXXXXX
   -1.260000            35    XXXXXXXXXXXXXXXXXXXXXXXXXXXXXXXXXXX
  -0.9000001            41    XXXXXXXXXXXXXXXXXXXXXXXXXXXXXXXXXXXXXXXXX
  -0.5400002            44    XXXXXXXXXXXXXXXXXXXXXXXXXXXXXXXXXXXXXXXXXXXX
  -0.1800003            46    XXXXXXXXXXXXXXXXXXXXXXXXXXXXXXXXXXXXXXXXXXXXXX
   0.1799996            46    XXXXXXXXXXXXXXXXXXXXXXXXXXXXXXXXXXXXXXXXXXXXXX
   0.5399996            42    XXXXXXXXXXXXXXXXXXXXXXXXXXXXXXXXXXXXXXXXXX
   0.8999995            38    XXXXXXXXXXXXXXXXXXXXXXXXXXXXXXXXXXXXXX
    1.259999            31    XXXXXXXXXXXXXXXXXXXXXXXXXXXXXXX
    1.619999            26    XXXXXXXXXXXXXXXXXXXXXXXXXX
    1.979999            18    XXXXXXXXXXXXXXXXXX
    2.339999            13    XXXXXXXXXXXXX
    2.699999            10    XXXXXXXXXX
    3.059999             5    XXXXX
    3.419999             8    XXXXXXXX
0                      500


      MIN            MAX           RANGE           MEAN          MEDIAN        VARIANCE

   -3.708501       3.499902       7.208403     -0.1047659     -0.1028292       2.315308    

1   TITLE SDB Name = LHSTEST         , Ver = 2.51         07/12/00                                      
0  HISTOGRAM FOR VARIABLE NO.  2     NORMAL          DISTRIBUTION

     MIDPOINT          FREQ.

   0.2599999             8    XXXXXXXX
   0.7799997             7    XXXXXXX
    1.299999             9    XXXXXXXXX
    1.819999            14    XXXXXXXXXXXXXX
    2.339999            20    XXXXXXXXXXXXXXXXXXXX
    2.859999            25    XXXXXXXXXXXXXXXXXXXXXXXXX
    3.379998            32    XXXXXXXXXXXXXXXXXXXXXXXXXXXXXXXX
    3.899998            39    XXXXXXXXXXXXXXXXXXXXXXXXXXXXXXXXXXXXXXX
    4.419998            42    XXXXXXXXXXXXXXXXXXXXXXXXXXXXXXXXXXXXXXXXXX
    4.939998            46    XXXXXXXXXXXXXXXXXXXXXXXXXXXXXXXXXXXXXXXXXXXXXX
    5.459998            46    XXXXXXXXXXXXXXXXXXXXXXXXXXXXXXXXXXXXXXXXXXXXXX
    5.979998            44    XXXXXXXXXXXXXXXXXXXXXXXXXXXXXXXXXXXXXXXXXXXX
    6.499998            40    XXXXXXXXXXXXXXXXXXXXXXXXXXXXXXXXXXXXXXXX
    7.019998            34    XXXXXXXXXXXXXXXXXXXXXXXXXXXXXXXXXX
    7.539998            28    XXXXXXXXXXXXXXXXXXXXXXXXXXXX
    8.059998            22    XXXXXXXXXXXXXXXXXXXXXX
    8.579997            16    XXXXXXXXXXXXXXXX
    9.099997            10    XXXXXXXXXX
    9.619996             8    XXXXXXXX
    10.14000             5    XXXXX
    10.66000             5    XXXXX
0                      500


      MIN            MAX           RANGE           MEAN          MEDIAN        VARIANCE

   0.7897910E-01   10.50100       10.42202       5.289450       5.293589       4.836870    

1   TITLE SDB Name = LHSTEST         , Ver = 2.51         07/12/00                                      
0  HISTOGRAM FOR VARIABLE NO.  3     UNIFORM         DISTRIBUTION

     MIDPOINT          FREQ.

    11.25000            19    XXXXXXXXXXXXXXXXXXX
    15.74999            25    XXXXXXXXXXXXXXXXXXXXXXXXX
    20.24999            25    XXXXXXXXXXXXXXXXXXXXXXXXX
    24.74999            26    XXXXXXXXXXXXXXXXXXXXXXXXXX
    29.24999            24    XXXXXXXXXXXXXXXXXXXXXXXX
    33.74999            25    XXXXXXXXXXXXXXXXXXXXXXXXX
    38.24999            25    XXXXXXXXXXXXXXXXXXXXXXXXX
    42.74999            25    XXXXXXXXXXXXXXXXXXXXXXXXX
    47.24999            26    XXXXXXXXXXXXXXXXXXXXXXXXXX
    51.74999            24    XXXXXXXXXXXXXXXXXXXXXXXX
    56.24999            25    XXXXXXXXXXXXXXXXXXXXXXXXX
    60.74999            25    XXXXXXXXXXXXXXXXXXXXXXXXX
    65.24998            25    XXXXXXXXXXXXXXXXXXXXXXXXX
    69.74998            25    XXXXXXXXXXXXXXXXXXXXXXXXX
    74.24998            26    XXXXXXXXXXXXXXXXXXXXXXXXXX
    78.74998            24    XXXXXXXXXXXXXXXXXXXXXXXX
    83.24998            25    XXXXXXXXXXXXXXXXXXXXXXXXX
    87.74998            25    XXXXXXXXXXXXXXXXXXXXXXXXX
    92.24998            26    XXXXXXXXXXXXXXXXXXXXXXXXXX
    96.74998            24    XXXXXXXXXXXXXXXXXXXXXXXX
    101.2500             6    XXXXXX
0                      500


      MIN            MAX           RANGE           MEAN          MEDIAN        VARIANCE

    10.05750       99.87989       89.82240       55.00191       55.02642       675.0040    

1   TITLE SDB Name = LHSTEST         , Ver = 2.51         07/12/00                                      
0  HISTOGRAM FOR VARIABLE NO.  4     NORMAL          DISTRIBUTION

     MIDPOINT          FREQ.

    3.566998             7    XXXXXXX
    3.648998             5    XXXXX
    3.730998             9    XXXXXXXXX
    3.812998            13    XXXXXXXXXXXXX
    3.894998            18    XXXXXXXXXXXXXXXXXX
    3.976998            24    XXXXXXXXXXXXXXXXXXXXXXXX
    4.058998            31    XXXXXXXXXXXXXXXXXXXXXXXXXXXXXXX
    4.140997            36    XXXXXXXXXXXXXXXXXXXXXXXXXXXXXXXXXXXX
    4.222997            41    XXXXXXXXXXXXXXXXXXXXXXXXXXXXXXXXXXXXXXXXX
    4.304997            45    XXXXXXXXXXXXXXXXXXXXXXXXXXXXXXXXXXXXXXXXXXXXX
    4.386997            46    XXXXXXXXXXXXXXXXXXXXXXXXXXXXXXXXXXXXXXXXXXXXXX
    4.468997            46    XXXXXXXXXXXXXXXXXXXXXXXXXXXXXXXXXXXXXXXXXXXXXX
    4.550996            41    XXXXXXXXXXXXXXXXXXXXXXXXXXXXXXXXXXXXXXXXX
    4.632996            36    XXXXXXXXXXXXXXXXXXXXXXXXXXXXXXXXXXXX
    4.714996            30    XXXXXXXXXXXXXXXXXXXXXXXXXXXXXX
    4.796996            23    XXXXXXXXXXXXXXXXXXXXXXX
    4.878995            17    XXXXXXXXXXXXXXXXX
    4.960995            12    XXXXXXXXXXXX
    5.042995             8    XXXXXXXX
    5.124995             6    XXXXXX
    5.206995             6    XXXXXX
0                      500


      MIN            MAX           RANGE           MEAN          MEDIAN        VARIANCE

    3.559300       5.204801       1.645501       4.382180       4.382294      0.1204946    

1TITLE SDB Name = LHSTEST         , Ver = 2.51         07/12/00                                      
0CORRELATIONS AMONG INPUT VARIABLES CREATED BY THE LATIN HYPERCUBE SAMPLE FOR RAW DATA                              PAGE   1
0    1  1.0000
0    2  0.0035  1.0000
0    3 -0.0080  0.0035  1.0000
0    4  0.0011  0.0013  0.0032  1.0000
0            1       2       3       4
0VARIABLES
0THE VARIANCE INFLATION FACTOR FOR THIS MATRIX IS  1.00
1TITLE SDB Name = LHSTEST         , Ver = 2.51         07/12/00                                      
0CORRELATIONS AMONG INPUT VARIABLES CREATED BY THE LATIN HYPERCUBE SAMPLE FOR RANK DATA                              PAGE   1
0    1  1.0000
0    2 -0.0039  1.0000
0    3 -0.0140  0.0040  1.0000
0    4 -0.0053  0.0207  0.0069  1.0000
0            1       2       3       4
0VARIABLES
0THE VARIANCE INFLATION FACTOR FOR THIS MATRIX IS  1.00
